
[com.br.intersys.view.FileView] - [2018-04-05] - Error : dataModel must be non null
[com.br.intersys.view.FileView] - [2018-04-05] - Error : dataModel must be non null
[com.br.intersys.view.FileView] - [2018-04-05] - Error : dataModel must be non null
[com.br.intersys.view.FileView] - [2018-04-05] - Error : dataModel must be non null
[com.br.intersys.view.FileView] - [2018-04-05] - Error : dataModel must be non null
[com.br.intersys.view.FileView] - [2018-04-05] - Error : dataModel must be non null
[com.br.intersys.view.FileView] - [2018-04-05] - Error : dataModel must be non null
[com.br.intersys.view.FileView] - [2018-04-05] - Error : dataModel must be non null
[com.br.intersys.view.FileView] - [2018-04-05] - Error : dataModel must be non null
[com.br.intersys.view.FileView] - [2018-04-05] - Error : dataModel must be non null
[com.br.intersys.view.FileView] - [2018-04-05] - Error : dataModel must be non null
[com.br.intersys.view.FileView] - [2018-04-05] - Error : dataModel must be non null
[com.br.intersys.compactar.Compactar] - [2018-04-05] - Error : F:\workspace-eclipse\Backup\folder\GESTOR-FISCAL.zip (O sistema não pode encontrar o caminho especificado)
[com.br.intersys.compactar.Compactar] - [2018-04-05] - Error : F:\workspace-eclipse\Backup\folder\bkp-gestor-fiscal.zip (O sistema não pode encontrar o caminho especificado)
[com.br.intersys.compactar.Compactar] - [2018-04-05] - Error : F:\workspace-eclipse\Backup\folder\icons.zip (O sistema não pode encontrar o caminho especificado)
[com.br.intersys.compactar.Compactar] - [2018-04-05] - Error : F:\workspace-eclipse\Backup\folder\imgens.zip (O sistema não pode encontrar o caminho especificado)
[com.br.intersys.compactar.Compactar] - [2018-04-05] - Error : F:\workspace-eclipse\Backup\folder\bete.zip (O sistema não pode encontrar o caminho especificado)
[com.br.intersys.compactar.Compactar] - [2018-04-05] - Error : F:\workspace-eclipse\Backup\folder\imgens.zip (O sistema não pode encontrar o caminho especificado)
[com.br.intersys.compactar.Compactar] - [2018-04-05] - Error : F:\workspace-eclipse\Backup\folder\imgens.zip (O sistema não pode encontrar o caminho especificado)
[com.br.intersys.compactar.Compactar] - [2018-04-05] - Error : F:\workspace-eclipse\Backup\folder\imgens.zip (O sistema não pode encontrar o caminho especificado)
[com.br.intersys.compactar.Compactar] - [2018-04-05] - Error : F:\workspace-eclipse\Backup\folder\GESTOR-FISCAL.zip (O sistema não pode encontrar o caminho especificado)